e:\cti\iii\ct\compiler\x64\debug\vc143.pdb
e:\cti\iii\ct\compiler\x64\debug\vc143.idb
e:\cti\iii\ct\compiler\x64\debug\syntacticanalyzerfunctions.obj
e:\cti\iii\ct\compiler\x64\debug\main.obj
e:\cti\iii\ct\compiler\x64\debug\tokenfunctions.obj
e:\cti\iii\ct\compiler\x64\debug\symbolfunctions.obj
e:\cti\iii\ct\compiler\x64\debug\lexicalanalyzerfunctions.obj
e:\cti\iii\ct\compiler\x64\debug\errorfunctions.obj
e:\cti\iii\ct\compiler\x64\debug\compiler.pdb
e:\cti\iii\ct\compiler\x64\debug\compiler.tlog\cl.command.1.tlog
e:\cti\iii\ct\compiler\x64\debug\compiler.tlog\cl.read.1.tlog
e:\cti\iii\ct\compiler\x64\debug\compiler.tlog\cl.write.1.tlog
e:\cti\iii\ct\compiler\x64\debug\compiler.tlog\link-cvtres.read.1.tlog
e:\cti\iii\ct\compiler\x64\debug\compiler.tlog\link-cvtres.write.1.tlog
e:\cti\iii\ct\compiler\x64\debug\compiler.tlog\link-rc.read.1.tlog
e:\cti\iii\ct\compiler\x64\debug\compiler.tlog\link-rc.write.1.tlog
e:\cti\iii\ct\compiler\x64\debug\compiler.tlog\link.command.1.tlog
e:\cti\iii\ct\compiler\x64\debug\compiler.tlog\link.read.1.tlog
e:\cti\iii\ct\compiler\x64\debug\compiler.tlog\link.read.2.tlog
e:\cti\iii\ct\compiler\x64\debug\compiler.tlog\link.write.1.tlog
